<?xml version="1.0" encoding="UTF-8"?>
<!-- Generated by org.testng.reporters.JUnitReportReporter -->
<testsuite hostname="samuel-andoh" name="example.NewTest" tests="1" failures="0" timestamp="14 Apr 2016 10:03:32 GMT" time="263.687" errors="0">
  <testcase name="DbEmail" time="263.687" classname="example.NewTest"/>
</testsuite> <!-- example.NewTest -->
